Using pre-set license
Built from '2021.3/staging' branch; Version is '2021.3.26f1 (a16dc32e0ff2) revision 10579395'; Using compiler version '192829333'; Build Type 'Release'
OS: 'Windows 10  (10.0.19045) 64bit Professional' Language: 'es' Physical Memory: 32683 MB
BatchMode: 1, IsHumanControllingUs: 0, StartBugReporterOnCrash: 0, Is64bit: 1, IsPro: 1

COMMAND LINE ARGUMENTS:
C:\Program Files\Unity\Hub\Editor\2021.3.26f1\Editor\Unity.exe
-adb2
-batchMode
-noUpm
-name
AssetImportWorker0
-projectPath
C:/Users/adiaz/Desktop/LEVELUPGAMEJAM/LevelUpJamBanshee/LevelUpGameJam
-logFile
Logs/AssetImportWorker0.log
-srvPort
49893
Successfully changed project path to: C:/Users/adiaz/Desktop/LEVELUPGAMEJAM/LevelUpJamBanshee/LevelUpGameJam
C:/Users/adiaz/Desktop/LEVELUPGAMEJAM/LevelUpJamBanshee/LevelUpGameJam
[UnityMemory] Configuration Parameters - Can be set up in boot.config
    "memorysetup-bucket-allocator-granularity=16"
    "memorysetup-bucket-allocator-bucket-count=8"
    "memorysetup-bucket-allocator-block-size=33554432"
    "memorysetup-bucket-allocator-block-count=8"
    "memorysetup-main-allocator-block-size=16777216"
    "memorysetup-thread-allocator-block-size=16777216"
    "memorysetup-gfx-main-allocator-block-size=16777216"
    "memorysetup-gfx-thread-allocator-block-size=16777216"
    "memorysetup-cache-allocator-block-size=4194304"
    "memorysetup-typetree-allocator-block-size=2097152"
    "memorysetup-profiler-bucket-allocator-granularity=16"
    "memorysetup-profiler-bucket-allocator-bucket-count=8"
    "memorysetup-profiler-bucket-allocator-block-size=33554432"
    "memorysetup-profiler-bucket-allocator-block-count=8"
    "memorysetup-profiler-allocator-block-size=16777216"
    "memorysetup-profiler-editor-allocator-block-size=1048576"
    "memorysetup-temp-allocator-size-main=16777216"
    "memorysetup-job-temp-allocator-block-size=2097152"
    "memorysetup-job-temp-allocator-block-size-background=1048576"
    "memorysetup-job-temp-allocator-reduction-small-platforms=262144"
    "memorysetup-temp-allocator-size-background-worker=32768"
    "memorysetup-temp-allocator-size-job-worker=262144"
    "memorysetup-temp-allocator-size-preload-manager=33554432"
    "memorysetup-temp-allocator-size-nav-mesh-worker=65536"
    "memorysetup-temp-allocator-size-audio-worker=65536"
    "memorysetup-temp-allocator-size-cloud-worker=32768"
    "memorysetup-temp-allocator-size-gi-baking-worker=262144"
    "memorysetup-temp-allocator-size-gfx=262144"
Player connection [2636] Host "[IP] 192.168.0.14 [Port] 0 [Flags] 2 [Guid] 1183886243 [EditorId] 1183886243 [Version] 1048832 [Id] WindowsEditor(7,DESKTOP-J1LC21M) [Debug] 1 [PackageName] WindowsEditor [ProjectName] Editor" joined multi-casting on [225.0.0.222:54997]...

Player connection [2636] Host "[IP] 192.168.0.14 [Port] 0 [Flags] 2 [Guid] 1183886243 [EditorId] 1183886243 [Version] 1048832 [Id] WindowsEditor(7,DESKTOP-J1LC21M) [Debug] 1 [PackageName] WindowsEditor [ProjectName] Editor" joined alternative multi-casting on [225.0.0.222:34997]...

Refreshing native plugins compatible for Editor in 95.02 ms, found 3 plugins.
Preloading 0 native plugins for Editor in 0.00 ms.
Initialize engine version: 2021.3.26f1 (a16dc32e0ff2)
[Subsystems] Discovering subsystems at path C:/Program Files/Unity/Hub/Editor/2021.3.26f1/Editor/Data/Resources/UnitySubsystems
[Subsystems] Discovering subsystems at path C:/Users/adiaz/Desktop/LEVELUPGAMEJAM/LevelUpJamBanshee/LevelUpGameJam/Assets
GfxDevice: creating device client; threaded=0; jobified=0
Direct3D:
    Version:  Direct3D 11.0 [level 11.1]
    Renderer: Radeon RX 580 Series (ID=0x67df)
    Vendor:   ATI
    VRAM:     4074 MB
    Driver:   31.0.14037.17019
Initialize mono
Mono path[0] = 'C:/Program Files/Unity/Hub/Editor/2021.3.26f1/Editor/Data/Managed'
Mono path[1] = 'C:/Program Files/Unity/Hub/Editor/2021.3.26f1/Editor/Data/MonoBleedingEdge/lib/mono/unityjit-win32'
Mono config path = 'C:/Program Files/Unity/Hub/Editor/2021.3.26f1/Editor/Data/MonoBleedingEdge/etc'
Using monoOptions --debugger-agent=transport=dt_socket,embedding=1,server=y,suspend=n,address=127.0.0.1:56020
Begin MonoManager ReloadAssembly
Registering precompiled unity dll's ...
Register platform support module: C:/Program Files/Unity/Hub/Editor/2021.3.26f1/Editor/Data/PlaybackEngines/AndroidPlayer/UnityEditor.Android.Extensions.dll
Register platform support module: C:/Program Files/Unity/Hub/Editor/2021.3.26f1/Editor/Data/PlaybackEngines/WindowsStandaloneSupport/UnityEditor.WindowsStandalone.Extensions.dll
Registered in 0.007856 seconds.
Native extension for WindowsStandalone target not found
Native extension for Android target not found
Android Extension - Scanning For ADB Devices 2251 ms
Refreshing native plugins compatible for Editor in 85.90 ms, found 3 plugins.
Preloading 0 native plugins for Editor in 0.00 ms.
Mono: successfully reloaded assembly
- Completed reload, in  2.858 seconds
Domain Reload Profiling:
	ReloadAssembly (2858ms)
		BeginReloadAssembly (76ms)
			ExecutionOrderSort (0ms)
			DisableScriptedObjects (0ms)
			BackupInstance (0ms)
			ReleaseScriptingObjects (0ms)
			CreateAndSetChildDomain (1ms)
		EndReloadAssembly (2685ms)
			LoadAssemblies (74ms)
			RebuildTransferFunctionScriptingTraits (0ms)
			SetupTypeCache (93ms)
			ReleaseScriptCaches (0ms)
			RebuildScriptCaches (23ms)
			SetupLoadedEditorAssemblies (2527ms)
				LogAssemblyErrors (0ms)
				InitializePlatformSupportModulesInManaged (2338ms)
				SetLoadedEditorAssemblies (0ms)
				RefreshPlugins (86ms)
				BeforeProcessingInitializeOnLoad (1ms)
				ProcessInitializeOnLoadAttributes (68ms)
				ProcessInitializeOnLoadMethodAttributes (34ms)
				AfterProcessingInitializeOnLoad (0ms)
				EditorAssembliesLoaded (0ms)
			ExecutionOrderSort2 (0ms)
			AwakeInstancesAfterBackupRestoration (0ms)
Platform modules already initialized, skipping
Registering precompiled user dll's ...
Registered in 0.006079 seconds.
Begin MonoManager ReloadAssembly
Native extension for WindowsStandalone target not found
Native extension for Android target not found
Refreshing native plugins compatible for Editor in 89.07 ms, found 3 plugins.
Preloading 0 native plugins for Editor in 0.00 ms.
Mono: successfully reloaded assembly
- Completed reload, in  1.062 seconds
Domain Reload Profiling:
	ReloadAssembly (1063ms)
		BeginReloadAssembly (97ms)
			ExecutionOrderSort (0ms)
			DisableScriptedObjects (5ms)
			BackupInstance (0ms)
			ReleaseScriptingObjects (0ms)
			CreateAndSetChildDomain (15ms)
		EndReloadAssembly (874ms)
			LoadAssemblies (81ms)
			RebuildTransferFunctionScriptingTraits (0ms)
			SetupTypeCache (249ms)
			ReleaseScriptCaches (1ms)
			RebuildScriptCaches (50ms)
			SetupLoadedEditorAssemblies (453ms)
				LogAssemblyErrors (0ms)
				InitializePlatformSupportModulesInManaged (16ms)
				SetLoadedEditorAssemblies (0ms)
				RefreshPlugins (89ms)
				BeforeProcessingInitializeOnLoad (93ms)
				ProcessInitializeOnLoadAttributes (186ms)
				ProcessInitializeOnLoadMethodAttributes (61ms)
				AfterProcessingInitializeOnLoad (7ms)
				EditorAssembliesLoaded (0ms)
			ExecutionOrderSort2 (0ms)
			AwakeInstancesAfterBackupRestoration (4ms)
Platform modules already initialized, skipping
========================================================================
Worker process is ready to serve import requests
Launched and connected shader compiler UnityShaderCompiler.exe after 0.03 seconds
Refreshing native plugins compatible for Editor in 0.87 ms, found 3 plugins.
Preloading 0 native plugins for Editor in 0.00 ms.
Unloading 5012 Unused Serialized files (Serialized files now loaded: 0)
Unloading 45 unused Assets / (1.0 MB). Loaded Objects now: 5466.
Memory consumption went from 205.0 MB to 204.0 MB.
Total: 3.338500 ms (FindLiveObjects: 0.410700 ms CreateObjectMapping: 0.141300 ms MarkObjects: 2.459500 ms  DeleteObjects: 0.325800 ms)

AssetImportParameters requested are different than current active one (requested -> active):
  custom:video-decoder-ogg-theora: a1e56fd34408186e4bbccfd4996cb3dc -> 
  custom:container-muxer-webm: aa71ff27fc2769a1b78a27578f13a17b -> 
  custom:container-demuxer-webm: 4f35f7cbe854078d1ac9338744f61a02 -> 
  custom:video-encoder-webm-vp8: eb34c28f22e8b96e1ab97ce403110664 -> 
  custom:audio-encoder-webm-vorbis: bf7c407c2cedff20999df2af8eb42d56 -> 
  custom:framework-win-MediaFoundation: 216162199b28c13a410421893ffa2e32 -> 
  custom:container-demuxer-ogg: 62fdf1f143b41e24485cea50d1cbac27 -> 
  custom:video-decoder-webm-vp8: 9c59270c3fd7afecdb556c50c9e8de78 -> 
  custom:audio-decoder-ogg-vorbis: bf7c407c2cedff20999df2af8eb42d56 -> 
========================================================================
Received Import Request.
  Time since last request: 30339.054606 seconds.
  path: Assets/UniversalRenderPipelineGlobalSettings.asset
  artifactKey: Guid(21c609480282ac2449a3864b17b2d248) Importer(815301076,1909f56bfc062723c751e8b465ee728b)
Start importing Assets/UniversalRenderPipelineGlobalSettings.asset using Guid(21c609480282ac2449a3864b17b2d248) Importer(815301076,1909f56bfc062723c751e8b465ee728b)  -> (artifact id: 'f1448c9bd46e66fc19352bc8764f0359') in 0.040773 seconds 
========================================================================
Received Prepare
Registering precompiled user dll's ...
Registered in 0.006722 seconds.
Begin MonoManager ReloadAssembly
Native extension for WindowsStandalone target not found
Native extension for Android target not found
Refreshing native plugins compatible for Editor in 0.89 ms, found 3 plugins.
Preloading 0 native plugins for Editor in 0.00 ms.
Mono: successfully reloaded assembly
- Completed reload, in  1.121 seconds
Domain Reload Profiling:
	ReloadAssembly (1122ms)
		BeginReloadAssembly (195ms)
			ExecutionOrderSort (0ms)
			DisableScriptedObjects (4ms)
			BackupInstance (0ms)
			ReleaseScriptingObjects (0ms)
			CreateAndSetChildDomain (34ms)
		EndReloadAssembly (808ms)
			LoadAssemblies (154ms)
			RebuildTransferFunctionScriptingTraits (0ms)
			SetupTypeCache (259ms)
			ReleaseScriptCaches (2ms)
			RebuildScriptCaches (41ms)
			SetupLoadedEditorAssemblies (353ms)
				LogAssemblyErrors (0ms)
				InitializePlatformSupportModulesInManaged (18ms)
				SetLoadedEditorAssemblies (0ms)
				RefreshPlugins (1ms)
				BeforeProcessingInitializeOnLoad (73ms)
				ProcessInitializeOnLoadAttributes (179ms)
				ProcessInitializeOnLoadMethodAttributes (73ms)
				AfterProcessingInitializeOnLoad (9ms)
				EditorAssembliesLoaded (0ms)
			ExecutionOrderSort2 (0ms)
			AwakeInstancesAfterBackupRestoration (9ms)
Platform modules already initialized, skipping
Refreshing native plugins compatible for Editor in 2.05 ms, found 3 plugins.
Preloading 0 native plugins for Editor in 0.00 ms.
Unloading 4886 Unused Serialized files (Serialized files now loaded: 0)
Unloading 26 unused Assets / (0.8 MB). Loaded Objects now: 5482.
Memory consumption went from 195.2 MB to 194.4 MB.
Total: 3.698100 ms (FindLiveObjects: 0.504200 ms CreateObjectMapping: 0.130500 ms MarkObjects: 2.680300 ms  DeleteObjects: 0.382400 ms)

AssetImportParameters requested are different than current active one (requested -> active):
  custom:video-decoder-ogg-theora: a1e56fd34408186e4bbccfd4996cb3dc -> 
  custom:container-muxer-webm: aa71ff27fc2769a1b78a27578f13a17b -> 
  custom:container-demuxer-webm: 4f35f7cbe854078d1ac9338744f61a02 -> 
  custom:video-encoder-webm-vp8: eb34c28f22e8b96e1ab97ce403110664 -> 
  custom:audio-encoder-webm-vorbis: bf7c407c2cedff20999df2af8eb42d56 -> 
  custom:framework-win-MediaFoundation: 216162199b28c13a410421893ffa2e32 -> 
  custom:container-demuxer-ogg: 62fdf1f143b41e24485cea50d1cbac27 -> 
  custom:video-decoder-webm-vp8: 9c59270c3fd7afecdb556c50c9e8de78 -> 
  custom:audio-decoder-ogg-vorbis: bf7c407c2cedff20999df2af8eb42d56 -> 
========================================================================
Received Import Request.
  Time since last request: 1095.836953 seconds.
  path: Assets/Prefabs/Water.prefab
  artifactKey: Guid(bc4c7878da7190f4a95358be3646b2d5) Importer(815301076,1909f56bfc062723c751e8b465ee728b)
Start importing Assets/Prefabs/Water.prefab using Guid(bc4c7878da7190f4a95358be3646b2d5) Importer(815301076,1909f56bfc062723c751e8b465ee728b)  -> (artifact id: 'e2fb6d8d660ef473d9a5ebffe37a0a5b') in 0.019081 seconds 
========================================================================
Received Import Request.
  Time since last request: 0.000024 seconds.
  path: Assets/Prefabs/GameManager.prefab
  artifactKey: Guid(80544ec4f719e874fa0d95aa131495ca) Importer(815301076,1909f56bfc062723c751e8b465ee728b)
Start importing Assets/Prefabs/GameManager.prefab using Guid(80544ec4f719e874fa0d95aa131495ca) Importer(815301076,1909f56bfc062723c751e8b465ee728b)  -> (artifact id: 'fd8312f8f96adf6b349fc7c51b9d4f77') in 0.027678 seconds 
========================================================================
Received Prepare
Registering precompiled user dll's ...
Registered in 0.006674 seconds.
Begin MonoManager ReloadAssembly
Native extension for WindowsStandalone target not found
Native extension for Android target not found
Refreshing native plugins compatible for Editor in 0.88 ms, found 3 plugins.
Preloading 0 native plugins for Editor in 0.00 ms.
Mono: successfully reloaded assembly
- Completed reload, in  0.989 seconds
Domain Reload Profiling:
	ReloadAssembly (989ms)
		BeginReloadAssembly (134ms)
			ExecutionOrderSort (0ms)
			DisableScriptedObjects (4ms)
			BackupInstance (0ms)
			ReleaseScriptingObjects (0ms)
			CreateAndSetChildDomain (36ms)
		EndReloadAssembly (771ms)
			LoadAssemblies (90ms)
			RebuildTransferFunctionScriptingTraits (0ms)
			SetupTypeCache (259ms)
			ReleaseScriptCaches (2ms)
			RebuildScriptCaches (41ms)
			SetupLoadedEditorAssemblies (333ms)
				LogAssemblyErrors (0ms)
				InitializePlatformSupportModulesInManaged (18ms)
				SetLoadedEditorAssemblies (0ms)
				RefreshPlugins (1ms)
				BeforeProcessingInitializeOnLoad (75ms)
				ProcessInitializeOnLoadAttributes (167ms)
				ProcessInitializeOnLoadMethodAttributes (65ms)
				AfterProcessingInitializeOnLoad (8ms)
				EditorAssembliesLoaded (0ms)
			ExecutionOrderSort2 (0ms)
			AwakeInstancesAfterBackupRestoration (8ms)
Platform modules already initialized, skipping
Refreshing native plugins compatible for Editor in 2.31 ms, found 3 plugins.
Preloading 0 native plugins for Editor in 0.00 ms.
Unloading 4886 Unused Serialized files (Serialized files now loaded: 0)
Unloading 26 unused Assets / (0.8 MB). Loaded Objects now: 5497.
Memory consumption went from 195.2 MB to 194.4 MB.
Total: 3.620600 ms (FindLiveObjects: 0.439900 ms CreateObjectMapping: 0.144600 ms MarkObjects: 2.653200 ms  DeleteObjects: 0.382100 ms)

AssetImportParameters requested are different than current active one (requested -> active):
  custom:video-decoder-ogg-theora: a1e56fd34408186e4bbccfd4996cb3dc -> 
  custom:container-muxer-webm: aa71ff27fc2769a1b78a27578f13a17b -> 
  custom:container-demuxer-webm: 4f35f7cbe854078d1ac9338744f61a02 -> 
  custom:video-encoder-webm-vp8: eb34c28f22e8b96e1ab97ce403110664 -> 
  custom:audio-encoder-webm-vorbis: bf7c407c2cedff20999df2af8eb42d56 -> 
  custom:framework-win-MediaFoundation: 216162199b28c13a410421893ffa2e32 -> 
  custom:container-demuxer-ogg: 62fdf1f143b41e24485cea50d1cbac27 -> 
  custom:video-decoder-webm-vp8: 9c59270c3fd7afecdb556c50c9e8de78 -> 
  custom:audio-decoder-ogg-vorbis: bf7c407c2cedff20999df2af8eb42d56 -> 
========================================================================
Received Prepare
Registering precompiled user dll's ...
Registered in 0.006829 seconds.
Begin MonoManager ReloadAssembly
Native extension for WindowsStandalone target not found
Native extension for Android target not found
Refreshing native plugins compatible for Editor in 0.91 ms, found 3 plugins.
Preloading 0 native plugins for Editor in 0.00 ms.
Mono: successfully reloaded assembly
- Completed reload, in  0.971 seconds
Domain Reload Profiling:
	ReloadAssembly (971ms)
		BeginReloadAssembly (128ms)
			ExecutionOrderSort (0ms)
			DisableScriptedObjects (4ms)
			BackupInstance (0ms)
			ReleaseScriptingObjects (0ms)
			CreateAndSetChildDomain (34ms)
		EndReloadAssembly (760ms)
			LoadAssemblies (86ms)
			RebuildTransferFunctionScriptingTraits (0ms)
			SetupTypeCache (253ms)
			ReleaseScriptCaches (2ms)
			RebuildScriptCaches (41ms)
			SetupLoadedEditorAssemblies (331ms)
				LogAssemblyErrors (0ms)
				InitializePlatformSupportModulesInManaged (17ms)
				SetLoadedEditorAssemblies (0ms)
				RefreshPlugins (1ms)
				BeforeProcessingInitializeOnLoad (73ms)
				ProcessInitializeOnLoadAttributes (167ms)
				ProcessInitializeOnLoadMethodAttributes (64ms)
				AfterProcessingInitializeOnLoad (8ms)
				EditorAssembliesLoaded (0ms)
			ExecutionOrderSort2 (0ms)
			AwakeInstancesAfterBackupRestoration (7ms)
Platform modules already initialized, skipping
Refreshing native plugins compatible for Editor in 2.38 ms, found 3 plugins.
Preloading 0 native plugins for Editor in 0.00 ms.
Unloading 4886 Unused Serialized files (Serialized files now loaded: 0)
Unloading 26 unused Assets / (0.8 MB). Loaded Objects now: 5512.
Memory consumption went from 195.2 MB to 194.5 MB.
Total: 3.457900 ms (FindLiveObjects: 0.526200 ms CreateObjectMapping: 0.138000 ms MarkObjects: 2.436300 ms  DeleteObjects: 0.356400 ms)

AssetImportParameters requested are different than current active one (requested -> active):
  custom:video-decoder-ogg-theora: a1e56fd34408186e4bbccfd4996cb3dc -> 
  custom:container-muxer-webm: aa71ff27fc2769a1b78a27578f13a17b -> 
  custom:container-demuxer-webm: 4f35f7cbe854078d1ac9338744f61a02 -> 
  custom:video-encoder-webm-vp8: eb34c28f22e8b96e1ab97ce403110664 -> 
  custom:audio-encoder-webm-vorbis: bf7c407c2cedff20999df2af8eb42d56 -> 
  custom:framework-win-MediaFoundation: 216162199b28c13a410421893ffa2e32 -> 
  custom:container-demuxer-ogg: 62fdf1f143b41e24485cea50d1cbac27 -> 
  custom:video-decoder-webm-vp8: 9c59270c3fd7afecdb556c50c9e8de78 -> 
  custom:audio-decoder-ogg-vorbis: bf7c407c2cedff20999df2af8eb42d56 -> 
========================================================================
Received Import Request.
  Time since last request: 1714.527131 seconds.
  path: Assets/Prefabs
  artifactKey: Guid(753e19448fb5dfd45934821fad163c8d) Importer(815301076,1909f56bfc062723c751e8b465ee728b)
Start importing Assets/Prefabs using Guid(753e19448fb5dfd45934821fad163c8d) Importer(815301076,1909f56bfc062723c751e8b465ee728b)  -> (artifact id: '88a73a78ce482832a4997bbdd33f200a') in 0.017570 seconds 
========================================================================
Received Import Request.
  Time since last request: 0.023049 seconds.
  path: Assets/Prefabs/Water.prefab
  artifactKey: Guid(bc4c7878da7190f4a95358be3646b2d5) Importer(815301076,1909f56bfc062723c751e8b465ee728b)
Start importing Assets/Prefabs/Water.prefab using Guid(bc4c7878da7190f4a95358be3646b2d5) Importer(815301076,1909f56bfc062723c751e8b465ee728b)  -> (artifact id: 'bb5c1b45ca83969f47dd0890117ffd68') in 1.170432 seconds 
========================================================================
Received Import Request.
  Time since last request: 9.209039 seconds.
  path: Assets/Art/3D Models
  artifactKey: Guid(8c5c8ef6de6a6fa4dacd7b38d6fad504) Importer(815301076,1909f56bfc062723c751e8b465ee728b)
Start importing Assets/Art/3D Models using Guid(8c5c8ef6de6a6fa4dacd7b38d6fad504) Importer(815301076,1909f56bfc062723c751e8b465ee728b)  -> (artifact id: '658ea400932558c46f5761452641cfdb') in 0.012394 seconds 
========================================================================
Received Import Request.
  Time since last request: 0.747544 seconds.
  path: Assets/Art/3D Models/LowPolyFood
  artifactKey: Guid(99342f42086b9634086218509cf47566) Importer(815301076,1909f56bfc062723c751e8b465ee728b)
Start importing Assets/Art/3D Models/LowPolyFood using Guid(99342f42086b9634086218509cf47566) Importer(815301076,1909f56bfc062723c751e8b465ee728b)  -> (artifact id: '5eafb6f6fbfd341636c9a7161c551b20') in 0.010761 seconds 
========================================================================
Received Import Request.
  Time since last request: 0.082454 seconds.
  path: Assets/Art/3D Models/LowPolyFood/Bone.fbx
  artifactKey: Guid(c26b036e55443c24389d942b4b33b102) Importer(815301076,1909f56bfc062723c751e8b465ee728b)
Start importing Assets/Art/3D Models/LowPolyFood/Bone.fbx using Guid(c26b036e55443c24389d942b4b33b102) Importer(815301076,1909f56bfc062723c751e8b465ee728b)  -> (artifact id: 'c905a69d2dd4e2426fee9732f671970b') in 1.049498 seconds 
========================================================================
Received Import Request.
  Time since last request: 0.000028 seconds.
  path: Assets/Art/3D Models/LowPolyFood/Empty Milk.fbx
  artifactKey: Guid(76a7eb01b60c93741a5336b5937007c0) Importer(815301076,1909f56bfc062723c751e8b465ee728b)
Start importing Assets/Art/3D Models/LowPolyFood/Empty Milk.fbx using Guid(76a7eb01b60c93741a5336b5937007c0) Importer(815301076,1909f56bfc062723c751e8b465ee728b)  -> (artifact id: '0fd1441bf4da2cb0bb6160e1e406997e') in 0.032283 seconds 
========================================================================
Received Import Request.
  Time since last request: 0.000043 seconds.
  path: Assets/Art/3D Models/LowPolyFood/Fish Bones with Head.fbx
  artifactKey: Guid(b17e8643f57315042bb2cfb308476a2e) Importer(815301076,1909f56bfc062723c751e8b465ee728b)
Start importing Assets/Art/3D Models/LowPolyFood/Fish Bones with Head.fbx using Guid(b17e8643f57315042bb2cfb308476a2e) Importer(815301076,1909f56bfc062723c751e8b465ee728b)  -> (artifact id: 'caeb10a367618906145ff8b3d487c08a') in 0.029895 seconds 
========================================================================
Received Import Request.
  Time since last request: 0.000021 seconds.
  path: Assets/Art/3D Models/LowPolyFood/Wine.fbx
  artifactKey: Guid(cabc0ef0c65741943b9b93e099cd8cd0) Importer(815301076,1909f56bfc062723c751e8b465ee728b)
Start importing Assets/Art/3D Models/LowPolyFood/Wine.fbx using Guid(cabc0ef0c65741943b9b93e099cd8cd0) Importer(815301076,1909f56bfc062723c751e8b465ee728b)  -> (artifact id: 'b9ab4c679767703042eaceaaa78c63ce') in 0.029915 seconds 
========================================================================
Received Import Request.
  Time since last request: 0.000026 seconds.
  path: Assets/Art/3D Models/LowPolyFood/Fork.fbx
  artifactKey: Guid(c25166397c569e44982d9967db6b0acc) Importer(815301076,1909f56bfc062723c751e8b465ee728b)
Start importing Assets/Art/3D Models/LowPolyFood/Fork.fbx using Guid(c25166397c569e44982d9967db6b0acc) Importer(815301076,1909f56bfc062723c751e8b465ee728b)  -> (artifact id: '831a9a63231890282de54cf199c587de') in 0.032402 seconds 
========================================================================
Received Import Request.
  Time since last request: 0.000024 seconds.
  path: Assets/Art/3D Models/LowPolyFood/Ketchup.fbx
  artifactKey: Guid(baefd1ad4342ba54cb912d9220b74f9f) Importer(815301076,1909f56bfc062723c751e8b465ee728b)
Start importing Assets/Art/3D Models/LowPolyFood/Ketchup.fbx using Guid(baefd1ad4342ba54cb912d9220b74f9f) Importer(815301076,1909f56bfc062723c751e8b465ee728b)  -> (artifact id: 'ac66807f16d7741310056984fb84e94c') in 0.034853 seconds 
========================================================================
Received Import Request.
  Time since last request: 0.000029 seconds.
  path: Assets/Art/3D Models/LowPolyFood/Teapot.fbx
  artifactKey: Guid(968c88ac4463b2c439ddc0a15994de0f) Importer(815301076,1909f56bfc062723c751e8b465ee728b)
Start importing Assets/Art/3D Models/LowPolyFood/Teapot.fbx using Guid(968c88ac4463b2c439ddc0a15994de0f) Importer(815301076,1909f56bfc062723c751e8b465ee728b)  -> (artifact id: '6c72d693e1914c68da8e1ce34d3ae6da') in 0.030169 seconds 
========================================================================
Received Import Request.
  Time since last request: 0.000025 seconds.
  path: Assets/Art/3D Models/LowPolyFood/Spoon.fbx
  artifactKey: Guid(2da30484bdd15a942b7fdd997b5d9c09) Importer(815301076,1909f56bfc062723c751e8b465ee728b)
Start importing Assets/Art/3D Models/LowPolyFood/Spoon.fbx using Guid(2da30484bdd15a942b7fdd997b5d9c09) Importer(815301076,1909f56bfc062723c751e8b465ee728b)  -> (artifact id: '3e42157f5b78dffac49b3aed7038385d') in 0.029993 seconds 
========================================================================
Received Import Request.
  Time since last request: 0.000024 seconds.
  path: Assets/Art/3D Models/LowPolyFood/Vodka.fbx
  artifactKey: Guid(0a6a26abd3277c74dad9b309725cdc13) Importer(815301076,1909f56bfc062723c751e8b465ee728b)
Start importing Assets/Art/3D Models/LowPolyFood/Vodka.fbx using Guid(0a6a26abd3277c74dad9b309725cdc13) Importer(815301076,1909f56bfc062723c751e8b465ee728b)  -> (artifact id: '75e6afd6cf2ac4975fbdb26b5fdee53f') in 0.030010 seconds 
========================================================================
Received Import Request.
  Time since last request: 0.000034 seconds.
  path: Assets/Art/3D Models/LowPolyFood/Rubberband.fbx
  artifactKey: Guid(be4f30e70fe72d34dad829116e50509e) Importer(815301076,1909f56bfc062723c751e8b465ee728b)
Start importing Assets/Art/3D Models/LowPolyFood/Rubberband.fbx using Guid(be4f30e70fe72d34dad829116e50509e) Importer(815301076,1909f56bfc062723c751e8b465ee728b)  -> (artifact id: '4b550d0adb5812e722d5198999551c45') in 0.029271 seconds 
========================================================================
Received Import Request.
  Time since last request: 0.000024 seconds.
  path: Assets/Art/3D Models/LowPolyFood/Fish Bones.fbx
  artifactKey: Guid(335b41b4e22150d468f9b2b5a937c1b4) Importer(815301076,1909f56bfc062723c751e8b465ee728b)
Start importing Assets/Art/3D Models/LowPolyFood/Fish Bones.fbx using Guid(335b41b4e22150d468f9b2b5a937c1b4) Importer(815301076,1909f56bfc062723c751e8b465ee728b)  -> (artifact id: 'cba27352144ae75d05b42a0ac3e65b49') in 0.031796 seconds 
========================================================================
Received Import Request.
  Time since last request: 0.000018 seconds.
  path: Assets/Art/3D Models/LowPolyFood/Whiskey.fbx
  artifactKey: Guid(00840026f039fd24ab11b89025866857) Importer(815301076,1909f56bfc062723c751e8b465ee728b)
Start importing Assets/Art/3D Models/LowPolyFood/Whiskey.fbx using Guid(00840026f039fd24ab11b89025866857) Importer(815301076,1909f56bfc062723c751e8b465ee728b)  -> (artifact id: 'a3a281f06a0b5c670b8f15a87bebf41b') in 0.029043 seconds 
========================================================================
Received Import Request.
  Time since last request: 25.879529 seconds.
  path: Assets/Settings/High_PipelineAsset_ForwardRenderer.asset
  artifactKey: Guid(1025e5ec05bd06942a687da5cc586f58) Importer(815301076,1909f56bfc062723c751e8b465ee728b)
Start importing Assets/Settings/High_PipelineAsset_ForwardRenderer.asset using Guid(1025e5ec05bd06942a687da5cc586f58) Importer(815301076,1909f56bfc062723c751e8b465ee728b)  -> (artifact id: '0781c6a88c44c6ea4f990f408d602b8e') in 0.018698 seconds 
========================================================================
Received Import Request.
  Time since last request: 0.000029 seconds.
  path: Assets/Settings/Ultra_PipelineAsset_ForwardRenderer.asset
  artifactKey: Guid(6db705c8595581b45a614058bbb0f105) Importer(815301076,1909f56bfc062723c751e8b465ee728b)
Start importing Assets/Settings/Ultra_PipelineAsset_ForwardRenderer.asset using Guid(6db705c8595581b45a614058bbb0f105) Importer(815301076,1909f56bfc062723c751e8b465ee728b)  -> (artifact id: 'b0c3ab6009b23f4bb43f58d98dcc05b4') in 0.012561 seconds 
========================================================================
Received Import Request.
  Time since last request: 0.000032 seconds.
  path: Assets/Settings/Very Low_PipelineAsset.asset
  artifactKey: Guid(ab8c57ec29f76b1428aa85eed0340a13) Importer(815301076,1909f56bfc062723c751e8b465ee728b)
Start importing Assets/Settings/Very Low_PipelineAsset.asset using Guid(ab8c57ec29f76b1428aa85eed0340a13) Importer(815301076,1909f56bfc062723c751e8b465ee728b)  -> (artifact id: 'dc18c7e1eab3165bfdb8e3e0d271474b') in 0.026932 seconds 
========================================================================
Received Import Request.
  Time since last request: 0.518374 seconds.
  path: Assets/Stylized_Pirate_Ship/StylShip_Box.prefab
  artifactKey: Guid(c05c34cf7415e0c4e98b01a365a21256) Importer(815301076,1909f56bfc062723c751e8b465ee728b)
Start importing Assets/Stylized_Pirate_Ship/StylShip_Box.prefab using Guid(c05c34cf7415e0c4e98b01a365a21256) Importer(815301076,1909f56bfc062723c751e8b465ee728b)  -> (artifact id: '99f55a4b51fc5ddb0ad759a9e8aaebc8') in 0.752172 seconds 
Editor requested this worker to shutdown with reason: Scaling down because of idle timeout
AssetImportWorker is now disconnected from the server
Process exiting
Exiting without the bug reporter. Application will terminate with return code 0