Using pre-set license
Built from '2021.3/staging' branch; Version is '2021.3.26f1 (a16dc32e0ff2) revision 10579395'; Using compiler version '192829333'; Build Type 'Release'
OS: 'Windows 10  (10.0.19045) 64bit Professional' Language: 'es' Physical Memory: 32683 MB
BatchMode: 1, IsHumanControllingUs: 0, StartBugReporterOnCrash: 0, Is64bit: 1, IsPro: 1

COMMAND LINE ARGUMENTS:
C:\Program Files\Unity\Hub\Editor\2021.3.26f1\Editor\Unity.exe
-adb2
-batchMode
-noUpm
-name
AssetImportWorker5
-projectPath
C:/Users/adiaz/Desktop/LEVELUPGAMEJAM/LevelUpJamBanshee/LevelUpGameJam
-logFile
Logs/AssetImportWorker5.log
-srvPort
49893
Successfully changed project path to: C:/Users/adiaz/Desktop/LEVELUPGAMEJAM/LevelUpJamBanshee/LevelUpGameJam
C:/Users/adiaz/Desktop/LEVELUPGAMEJAM/LevelUpJamBanshee/LevelUpGameJam
[UnityMemory] Configuration Parameters - Can be set up in boot.config
    "memorysetup-bucket-allocator-granularity=16"
    "memorysetup-bucket-allocator-bucket-count=8"
    "memorysetup-bucket-allocator-block-size=33554432"
    "memorysetup-bucket-allocator-block-count=8"
    "memorysetup-main-allocator-block-size=16777216"
    "memorysetup-thread-allocator-block-size=16777216"
    "memorysetup-gfx-main-allocator-block-size=16777216"
    "memorysetup-gfx-thread-allocator-block-size=16777216"
    "memorysetup-cache-allocator-block-size=4194304"
    "memorysetup-typetree-allocator-block-size=2097152"
    "memorysetup-profiler-bucket-allocator-granularity=16"
    "memorysetup-profiler-bucket-allocator-bucket-count=8"
    "memorysetup-profiler-bucket-allocator-block-size=33554432"
    "memorysetup-profiler-bucket-allocator-block-count=8"
    "memorysetup-profiler-allocator-block-size=16777216"
    "memorysetup-profiler-editor-allocator-block-size=1048576"
    "memorysetup-temp-allocator-size-main=16777216"
    "memorysetup-job-temp-allocator-block-size=2097152"
    "memorysetup-job-temp-allocator-block-size-background=1048576"
    "memorysetup-job-temp-allocator-reduction-small-platforms=262144"
    "memorysetup-temp-allocator-size-background-worker=32768"
    "memorysetup-temp-allocator-size-job-worker=262144"
    "memorysetup-temp-allocator-size-preload-manager=33554432"
    "memorysetup-temp-allocator-size-nav-mesh-worker=65536"
    "memorysetup-temp-allocator-size-audio-worker=65536"
    "memorysetup-temp-allocator-size-cloud-worker=32768"
    "memorysetup-temp-allocator-size-gi-baking-worker=262144"
    "memorysetup-temp-allocator-size-gfx=262144"
Player connection [15664] Host "[IP] 192.168.0.14 [Port] 0 [Flags] 2 [Guid] 2619816505 [EditorId] 2619816505 [Version] 1048832 [Id] WindowsEditor(7,DESKTOP-J1LC21M) [Debug] 1 [PackageName] WindowsEditor [ProjectName] Editor" joined multi-casting on [225.0.0.222:54997]...

Player connection [15664] Host "[IP] 192.168.0.14 [Port] 0 [Flags] 2 [Guid] 2619816505 [EditorId] 2619816505 [Version] 1048832 [Id] WindowsEditor(7,DESKTOP-J1LC21M) [Debug] 1 [PackageName] WindowsEditor [ProjectName] Editor" joined alternative multi-casting on [225.0.0.222:34997]...

Refreshing native plugins compatible for Editor in 94.78 ms, found 3 plugins.
Preloading 0 native plugins for Editor in 0.00 ms.
Initialize engine version: 2021.3.26f1 (a16dc32e0ff2)
[Subsystems] Discovering subsystems at path C:/Program Files/Unity/Hub/Editor/2021.3.26f1/Editor/Data/Resources/UnitySubsystems
[Subsystems] Discovering subsystems at path C:/Users/adiaz/Desktop/LEVELUPGAMEJAM/LevelUpJamBanshee/LevelUpGameJam/Assets
GfxDevice: creating device client; threaded=0; jobified=0
Direct3D:
    Version:  Direct3D 11.0 [level 11.1]
    Renderer: Radeon RX 580 Series (ID=0x67df)
    Vendor:   ATI
    VRAM:     4074 MB
    Driver:   31.0.14037.17019
Initialize mono
Mono path[0] = 'C:/Program Files/Unity/Hub/Editor/2021.3.26f1/Editor/Data/Managed'
Mono path[1] = 'C:/Program Files/Unity/Hub/Editor/2021.3.26f1/Editor/Data/MonoBleedingEdge/lib/mono/unityjit-win32'
Mono config path = 'C:/Program Files/Unity/Hub/Editor/2021.3.26f1/Editor/Data/MonoBleedingEdge/etc'
Using monoOptions --debugger-agent=transport=dt_socket,embedding=1,server=y,suspend=n,address=127.0.0.1:56788
Begin MonoManager ReloadAssembly
Registering precompiled unity dll's ...
Register platform support module: C:/Program Files/Unity/Hub/Editor/2021.3.26f1/Editor/Data/PlaybackEngines/AndroidPlayer/UnityEditor.Android.Extensions.dll
Register platform support module: C:/Program Files/Unity/Hub/Editor/2021.3.26f1/Editor/Data/PlaybackEngines/WindowsStandaloneSupport/UnityEditor.WindowsStandalone.Extensions.dll
Registered in 0.007292 seconds.
Native extension for WindowsStandalone target not found
Native extension for Android target not found
Android Extension - Scanning For ADB Devices 248 ms
Refreshing native plugins compatible for Editor in 89.84 ms, found 3 plugins.
Preloading 0 native plugins for Editor in 0.00 ms.
Mono: successfully reloaded assembly
- Completed reload, in  0.874 seconds
Domain Reload Profiling:
	ReloadAssembly (875ms)
		BeginReloadAssembly (82ms)
			ExecutionOrderSort (0ms)
			DisableScriptedObjects (0ms)
			BackupInstance (0ms)
			ReleaseScriptingObjects (0ms)
			CreateAndSetChildDomain (1ms)
		EndReloadAssembly (699ms)
			LoadAssemblies (80ms)
			RebuildTransferFunctionScriptingTraits (0ms)
			SetupTypeCache (94ms)
			ReleaseScriptCaches (0ms)
			RebuildScriptCaches (24ms)
			SetupLoadedEditorAssemblies (537ms)
				LogAssemblyErrors (0ms)
				InitializePlatformSupportModulesInManaged (337ms)
				SetLoadedEditorAssemblies (0ms)
				RefreshPlugins (90ms)
				BeforeProcessingInitializeOnLoad (1ms)
				ProcessInitializeOnLoadAttributes (72ms)
				ProcessInitializeOnLoadMethodAttributes (36ms)
				AfterProcessingInitializeOnLoad (0ms)
				EditorAssembliesLoaded (0ms)
			ExecutionOrderSort2 (0ms)
			AwakeInstancesAfterBackupRestoration (0ms)
Platform modules already initialized, skipping
Registering precompiled user dll's ...
Registered in 0.007396 seconds.
Begin MonoManager ReloadAssembly
Native extension for WindowsStandalone target not found
Native extension for Android target not found
Refreshing native plugins compatible for Editor in 92.16 ms, found 3 plugins.
Preloading 0 native plugins for Editor in 0.00 ms.
Mono: successfully reloaded assembly
- Completed reload, in  1.168 seconds
Domain Reload Profiling:
	ReloadAssembly (1168ms)
		BeginReloadAssembly (105ms)
			ExecutionOrderSort (0ms)
			DisableScriptedObjects (5ms)
			BackupInstance (0ms)
			ReleaseScriptingObjects (0ms)
			CreateAndSetChildDomain (18ms)
		EndReloadAssembly (962ms)
			LoadAssemblies (102ms)
			RebuildTransferFunctionScriptingTraits (0ms)
			SetupTypeCache (280ms)
			ReleaseScriptCaches (1ms)
			RebuildScriptCaches (58ms)
			SetupLoadedEditorAssemblies (480ms)
				LogAssemblyErrors (0ms)
				InitializePlatformSupportModulesInManaged (17ms)
				SetLoadedEditorAssemblies (0ms)
				RefreshPlugins (92ms)
				BeforeProcessingInitializeOnLoad (99ms)
				ProcessInitializeOnLoadAttributes (198ms)
				ProcessInitializeOnLoadMethodAttributes (65ms)
				AfterProcessingInitializeOnLoad (8ms)
				EditorAssembliesLoaded (0ms)
			ExecutionOrderSort2 (0ms)
			AwakeInstancesAfterBackupRestoration (5ms)
Platform modules already initialized, skipping
========================================================================
Worker process is ready to serve import requests
Launched and connected shader compiler UnityShaderCompiler.exe after 0.04 seconds
Refreshing native plugins compatible for Editor in 0.82 ms, found 3 plugins.
Preloading 0 native plugins for Editor in 0.00 ms.
Unloading 5020 Unused Serialized files (Serialized files now loaded: 0)
Unloading 45 unused Assets / (1.0 MB). Loaded Objects now: 5477.
Memory consumption went from 207.8 MB to 206.8 MB.
Total: 3.581000 ms (FindLiveObjects: 0.516000 ms CreateObjectMapping: 0.142100 ms MarkObjects: 2.613100 ms  DeleteObjects: 0.309000 ms)

AssetImportParameters requested are different than current active one (requested -> active):
  custom:video-decoder-ogg-theora: a1e56fd34408186e4bbccfd4996cb3dc -> 
  custom:container-muxer-webm: aa71ff27fc2769a1b78a27578f13a17b -> 
  custom:container-demuxer-webm: 4f35f7cbe854078d1ac9338744f61a02 -> 
  custom:video-encoder-webm-vp8: eb34c28f22e8b96e1ab97ce403110664 -> 
  custom:audio-encoder-webm-vorbis: bf7c407c2cedff20999df2af8eb42d56 -> 
  custom:framework-win-MediaFoundation: 216162199b28c13a410421893ffa2e32 -> 
  custom:container-demuxer-ogg: 62fdf1f143b41e24485cea50d1cbac27 -> 
  custom:video-decoder-webm-vp8: 9c59270c3fd7afecdb556c50c9e8de78 -> 
  custom:audio-decoder-ogg-vorbis: bf7c407c2cedff20999df2af8eb42d56 -> 
========================================================================
Received Import Request.
  Time since last request: 44054.937844 seconds.
  path: Assets/Quirky Series Ultimate/FREE/Models/Colobus_LOD3.fbx
  artifactKey: Guid(00c41b3ac9b4bac45acf9cbda3ad3d7c) Importer(815301076,1909f56bfc062723c751e8b465ee728b)
Start importing Assets/Quirky Series Ultimate/FREE/Models/Colobus_LOD3.fbx using Guid(00c41b3ac9b4bac45acf9cbda3ad3d7c) Importer(815301076,1909f56bfc062723c751e8b465ee728b)  -> (artifact id: '29ad064fde2b23561a36ef5ca8489111') in 0.320360 seconds 
========================================================================
Received Import Request.
  Time since last request: 0.000037 seconds.
  path: Assets/Quirky Series Ultimate/FREE/Models/Pudu_LOD0.fbx
  artifactKey: Guid(729780aabb3bbda4a8e4da360a0ea2f8) Importer(815301076,1909f56bfc062723c751e8b465ee728b)
Start importing Assets/Quirky Series Ultimate/FREE/Models/Pudu_LOD0.fbx using Guid(729780aabb3bbda4a8e4da360a0ea2f8) Importer(815301076,1909f56bfc062723c751e8b465ee728b)  -> (artifact id: 'ef4824def88190a871e1c8e1b61457f2') in 0.040782 seconds 
========================================================================
Received Import Request.
  Time since last request: 0.000040 seconds.
  path: Assets/Quirky Series Ultimate/FREE/Models/Gecko_LOD3.fbx
  artifactKey: Guid(f6ba3f6a030fdfb41bb3b15470242c58) Importer(815301076,1909f56bfc062723c751e8b465ee728b)
Start importing Assets/Quirky Series Ultimate/FREE/Models/Gecko_LOD3.fbx using Guid(f6ba3f6a030fdfb41bb3b15470242c58) Importer(815301076,1909f56bfc062723c751e8b465ee728b)  -> (artifact id: '41584393cbf1805cbadf45407ab5d535') in 0.032350 seconds 
========================================================================
Received Import Request.
  Time since last request: 0.000029 seconds.
  path: Assets/Quirky Series Ultimate/FREE/Models/Muskrat_LOD0.fbx
  artifactKey: Guid(4e8b2226a60b94f4a9c43795c0cea457) Importer(815301076,1909f56bfc062723c751e8b465ee728b)
Start importing Assets/Quirky Series Ultimate/FREE/Models/Muskrat_LOD0.fbx using Guid(4e8b2226a60b94f4a9c43795c0cea457) Importer(815301076,1909f56bfc062723c751e8b465ee728b)  -> (artifact id: 'a922d2a0502a7cc2704af125cb38fb56') in 0.033558 seconds 
========================================================================
Received Import Request.
  Time since last request: 30.332004 seconds.
  path: Assets/Quirky Series Ultimate/FREE/Prefabs/Single LODs/Colobus_LOD3.prefab
  artifactKey: Guid(1175f56e1052f8045a6fb8538864e2df) Importer(815301076,1909f56bfc062723c751e8b465ee728b)
Start importing Assets/Quirky Series Ultimate/FREE/Prefabs/Single LODs/Colobus_LOD3.prefab using Guid(1175f56e1052f8045a6fb8538864e2df) Importer(815301076,1909f56bfc062723c751e8b465ee728b)  -> (artifact id: '4630b23148dc3276934bb86fe75f6f33') in 0.070672 seconds 
========================================================================
Received Import Request.
  Time since last request: 0.000022 seconds.
  path: Assets/Quirky Series Ultimate/FREE/Prefabs/Single LODs/Taipan_LOD2.prefab
  artifactKey: Guid(cb62c170455017948ace0e5d58609ee3) Importer(815301076,1909f56bfc062723c751e8b465ee728b)
Start importing Assets/Quirky Series Ultimate/FREE/Prefabs/Single LODs/Taipan_LOD2.prefab using Guid(cb62c170455017948ace0e5d58609ee3) Importer(815301076,1909f56bfc062723c751e8b465ee728b)  -> (artifact id: '2c86feedcbaee9cfa3b03ec533958b13') in 0.067568 seconds 
========================================================================
Received Import Request.
  Time since last request: 0.000033 seconds.
  path: Assets/Quirky Series Ultimate/FREE/Prefabs/Single LODs/Herring_LOD2.prefab
  artifactKey: Guid(595f6bfbd32af3e47af62889bbccca08) Importer(815301076,1909f56bfc062723c751e8b465ee728b)
Start importing Assets/Quirky Series Ultimate/FREE/Prefabs/Single LODs/Herring_LOD2.prefab using Guid(595f6bfbd32af3e47af62889bbccca08) Importer(815301076,1909f56bfc062723c751e8b465ee728b)  -> (artifact id: 'd312c07037ec51c03567aa7541949a5e') in 0.069604 seconds 
========================================================================
Received Import Request.
  Time since last request: 0.000034 seconds.
  path: Assets/Quirky Series Ultimate/FREE/Prefabs/Single LODs/Gecko_LOD1.prefab
  artifactKey: Guid(81df6cd7f4629fe46b2f941dd9992298) Importer(815301076,1909f56bfc062723c751e8b465ee728b)
Start importing Assets/Quirky Series Ultimate/FREE/Prefabs/Single LODs/Gecko_LOD1.prefab using Guid(81df6cd7f4629fe46b2f941dd9992298) Importer(815301076,1909f56bfc062723c751e8b465ee728b)  -> (artifact id: 'acb5a43b204d6f955d77e43f3b8150b7') in 0.067823 seconds 
========================================================================
Received Import Request.
  Time since last request: 0.000062 seconds.
  path: Assets/Quirky Series Ultimate/FREE/Prefabs/Single LODs/Squid_LOD1.prefab
  artifactKey: Guid(bca34f38d915b164ba28f9a74ff85456) Importer(815301076,1909f56bfc062723c751e8b465ee728b)
Start importing Assets/Quirky Series Ultimate/FREE/Prefabs/Single LODs/Squid_LOD1.prefab using Guid(bca34f38d915b164ba28f9a74ff85456) Importer(815301076,1909f56bfc062723c751e8b465ee728b)  -> (artifact id: '7bcd517acd1d5116db9acd23c3a8056c') in 0.072575 seconds 
========================================================================
Received Import Request.
  Time since last request: 0.000030 seconds.
  path: Assets/Quirky Series Ultimate/FREE/Prefabs/Single LODs/Sparrow_LOD2.prefab
  artifactKey: Guid(0a4e43d62aca8be4ea744d16adf2d477) Importer(815301076,1909f56bfc062723c751e8b465ee728b)
Start importing Assets/Quirky Series Ultimate/FREE/Prefabs/Single LODs/Sparrow_LOD2.prefab using Guid(0a4e43d62aca8be4ea744d16adf2d477) Importer(815301076,1909f56bfc062723c751e8b465ee728b)  -> (artifact id: '07d37c669ac2cdc5d50cadfb1128f0c6') in 0.084383 seconds 
========================================================================
Received Import Request.
  Time since last request: 0.000039 seconds.
  path: Assets/Quirky Series Ultimate/FREE/Prefabs/Single LODs/Gecko_LOD2.prefab
  artifactKey: Guid(b8b867b08f6d8294380ce8b7b001286f) Importer(815301076,1909f56bfc062723c751e8b465ee728b)
Start importing Assets/Quirky Series Ultimate/FREE/Prefabs/Single LODs/Gecko_LOD2.prefab using Guid(b8b867b08f6d8294380ce8b7b001286f) Importer(815301076,1909f56bfc062723c751e8b465ee728b)  -> (artifact id: '21a3e4975216668e23fa2183327689a6') in 0.082782 seconds 
========================================================================
Received Import Request.
  Time since last request: 0.000036 seconds.
  path: Assets/Quirky Series Ultimate/FREE/Prefabs/Single LODs/Pudu_LOD1.prefab
  artifactKey: Guid(6a4cfb0d473072b4b8c264014839d6dd) Importer(815301076,1909f56bfc062723c751e8b465ee728b)
Start importing Assets/Quirky Series Ultimate/FREE/Prefabs/Single LODs/Pudu_LOD1.prefab using Guid(6a4cfb0d473072b4b8c264014839d6dd) Importer(815301076,1909f56bfc062723c751e8b465ee728b)  -> (artifact id: '92feff90c7cb359460d398756af92c8a') in 0.072745 seconds 
========================================================================
Received Import Request.
  Time since last request: 4.239793 seconds.
  path: Assets/Quirky Series Ultimate/FREE/Textures/T_Pudu.png
  artifactKey: Guid(51d54402f1790e74580566181ea896f1) Importer(815301076,1909f56bfc062723c751e8b465ee728b)
Start importing Assets/Quirky Series Ultimate/FREE/Textures/T_Pudu.png using Guid(51d54402f1790e74580566181ea896f1) Importer(815301076,1909f56bfc062723c751e8b465ee728b)  -> (artifact id: 'fc512819507f8887cb84d5911d03e9b5') in 0.034681 seconds 
========================================================================
Received Import Request.
  Time since last request: 4.414938 seconds.
  path: Assets/Quirky Series Ultimate/FREE/Animations/Muskrat_Animations.fbx
  artifactKey: Guid(0f1eb8fcb39d732419a570705c23a921) Importer(815301076,1909f56bfc062723c751e8b465ee728b)
Start importing Assets/Quirky Series Ultimate/FREE/Animations/Muskrat_Animations.fbx using Guid(0f1eb8fcb39d732419a570705c23a921) Importer(815301076,1909f56bfc062723c751e8b465ee728b)  -> (artifact id: '4fccb8673a8e4ee4547596ae61583de4') in 0.055256 seconds 
========================================================================
Received Import Request.
  Time since last request: 0.000024 seconds.
  path: Assets/Quirky Series Ultimate/FREE/Animations/Taipan_Animations.fbx
  artifactKey: Guid(1c77555fce85aa74da16fd6cadfac6b8) Importer(815301076,1909f56bfc062723c751e8b465ee728b)
Start importing Assets/Quirky Series Ultimate/FREE/Animations/Taipan_Animations.fbx using Guid(1c77555fce85aa74da16fd6cadfac6b8) Importer(815301076,1909f56bfc062723c751e8b465ee728b)  -> (artifact id: '0214ececc1b5dd8875b09168d5db7a31') in 0.036581 seconds 
Editor requested this worker to shutdown with reason: Scaling down because of idle timeout
AssetImportWorker is now disconnected from the server
Process exiting
Exiting without the bug reporter. Application will terminate with return code 0